<?xml version="1.0" encoding="UTF-8"?>
<!-- Generated by org.testng.reporters.JUnitReportReporter -->
<testsuite hostname="DESKTOP-15GLH6P" failures="0" tests="6" name="com.qa.neoCommerce.tests.LoginPageTest" time="3.675" errors="0" timestamp="2024-04-29T15:41:51 IST" skipped="0">
  <testcase classname="com.qa.neoCommerce.tests.LoginPageTest" name="LoginPageTitleTest" time="0.058"/>
  <testcase classname="com.qa.neoCommerce.tests.LoginPageTest" name="LoginPageUrlTest" time="0.030"/>
  <testcase classname="com.qa.neoCommerce.tests.LoginPageTest" name="forgetPwdLinkExitTest" time="0.077"/>
  <testcase classname="com.qa.neoCommerce.tests.LoginPageTest" name="loginBtnExitTest" time="0.044"/>
  <testcase classname="com.qa.neoCommerce.tests.LoginPageTest" name="RegisterBtnExitTest" time="0.041"/>
  <testcase classname="com.qa.neoCommerce.tests.LoginPageTest" name="loginTest" time="3.425"/>
</testsuite> <!-- com.qa.neoCommerce.tests.LoginPageTest -->
